<?xml version="1.0" encoding="UTF-8"?>
<coverage generated="1634144249299" clover="3.2.0">
  <project timestamp="1634144249300" name="All files">
    <metrics statements="20" coveredstatements="19" conditionals="10" coveredconditionals="8" methods="4" coveredmethods="4" elements="34" coveredelements="31" complexity="0" loc="20" ncloc="20" packages="1" files="1" classes="1"/>
    <file name="app.ts" path="/home/runner/KamuTapCodingAssessment/app.ts">
      <metrics statements="20" coveredstatements="19" conditionals="10" coveredconditionals="8" methods="4" coveredmethods="4"/>
      <line num="1" count="1" type="stmt"/>
      <line num="3" count="2" type="stmt"/>
      <line num="4" count="2" type="stmt"/>
      <line num="6" count="2" type="cond" truecount="4" falsecount="0"/>
      <line num="7" count="1" type="stmt"/>
      <line num="12" count="6" type="stmt"/>
      <line num="15" count="6" type="stmt"/>
      <line num="19" count="6" type="stmt"/>
      <line num="20" count="6" type="stmt"/>
      <line num="21" count="18" type="stmt"/>
      <line num="22" count="18" type="cond" truecount="2" falsecount="0"/>
      <line num="23" count="10" type="stmt"/>
      <line num="24" count="10" type="stmt"/>
      <line num="26" count="8" type="cond" truecount="1" falsecount="1"/>
      <line num="27" count="8" type="stmt"/>
      <line num="28" count="8" type="stmt"/>
      <line num="31" count="6" type="stmt"/>
      <line num="35" count="6" type="cond" truecount="1" falsecount="1"/>
      <line num="36" count="0" type="stmt"/>
      <line num="38" count="6" type="stmt"/>
    </file>
  </project>
</coverage>
