{"/home/runner/KamuTapCodingAssessment/app.ts": {"path":"/home/runner/KamuTapCodingAssessment/app.ts","statementMap":{"0":{"start":{"line":3,"column":12},"end":{"line":3,"column":30}},"1":{"start":{"line":4,"column":12},"end":{"line":4,"column":30}},"2":{"start":{"line":6,"column":4},"end":{"line":8,"column":null}},"3":{"start":{"line":7,"column":6},"end":{"line":7,"column":66}},"4":{"start":{"line":12,"column":25},"end":{"line":13,"column":null}},"5":{"start":{"line":15,"column":4},"end":{"line":15,"column":32}},"6":{"start":{"line":19,"column":28},"end":{"line":19,"column":30}},"7":{"start":{"line":20,"column":4},"end":{"line":30,"column":null}},"8":{"start":{"line":20,"column":17},"end":{"line":20,"column":18}},"9":{"start":{"line":21,"column":19},"end":{"line":21,"column":23}},"10":{"start":{"line":22,"column":6},"end":{"line":25,"column":null}},"11":{"start":{"line":23,"column":8},"end":{"line":23,"column":22}},"12":{"start":{"line":24,"column":8},"end":{"line":24,"column":17}},"13":{"start":{"line":26,"column":6},"end":{"line":29,"column":null}},"14":{"start":{"line":27,"column":8},"end":{"line":27,"column":20}},"15":{"start":{"line":28,"column":8},"end":{"line":28,"column":17}},"16":{"start":{"line":31,"column":4},"end":{"line":31,"column":30}},"17":{"start":{"line":35,"column":4},"end":{"line":37,"column":null}},"18":{"start":{"line":36,"column":6},"end":{"line":36,"column":19}},"19":{"start":{"line":38,"column":4},"end":{"line":38,"column":39}},"20":{"start":{"line":1,"column":0},"end":{"line":1,"column":13}}},"fnMap":{"0":{"name":"(anonymous_0)","decl":{"start":{"line":2,"column":2},"end":{"line":2,"column":null}},"loc":{"start":{"line":4,"column":30},"end":{"line":9,"column":3}}},"1":{"name":"(anonymous_1)","decl":{"start":{"line":11,"column":10},"end":{"line":11,"column":18}},"loc":{"start":{"line":11,"column":28},"end":{"line":16,"column":3}}},"2":{"name":"(anonymous_2)","decl":{"start":{"line":18,"column":10},"end":{"line":18,"column":29}},"loc":{"start":{"line":18,"column":39},"end":{"line":32,"column":3}}},"3":{"name":"(anonymous_3)","decl":{"start":{"line":34,"column":9},"end":{"line":34,"column":14}},"loc":{"start":{"line":34,"column":24},"end":{"line":39,"column":3}}}},"branchMap":{"0":{"loc":{"start":{"line":6,"column":4},"end":{"line":8,"column":null}},"type":"if","locations":[{"start":{"line":6,"column":4},"end":{"line":8,"column":null}},{"start":{"line":6,"column":4},"end":{"line":8,"column":null}}]},"1":{"loc":{"start":{"line":6,"column":8},"end":{"line":6,"column":68}},"type":"binary-expr","locations":[{"start":{"line":6,"column":8},"end":{"line":6,"column":36}},{"start":{"line":6,"column":40},"end":{"line":6,"column":68}}]},"2":{"loc":{"start":{"line":22,"column":6},"end":{"line":25,"column":null}},"type":"if","locations":[{"start":{"line":22,"column":6},"end":{"line":25,"column":null}},{"start":{"line":22,"column":6},"end":{"line":25,"column":null}}]},"3":{"loc":{"start":{"line":26,"column":6},"end":{"line":29,"column":null}},"type":"if","locations":[{"start":{"line":26,"column":6},"end":{"line":29,"column":null}},{"start":{"line":26,"column":6},"end":{"line":29,"column":null}}]},"4":{"loc":{"start":{"line":35,"column":4},"end":{"line":37,"column":null}},"type":"if","locations":[{"start":{"line":35,"column":4},"end":{"line":37,"column":null}},{"start":{"line":35,"column":4},"end":{"line":37,"column":null}}]}},"s":{"0":2,"1":2,"2":2,"3":1,"4":6,"5":6,"6":6,"7":6,"8":6,"9":18,"10":18,"11":10,"12":10,"13":8,"14":8,"15":8,"16":6,"17":6,"18":0,"19":6,"20":1},"f":{"0":2,"1":6,"2":6,"3":6},"b":{"0":[1,1],"1":[2,1],"2":[10,8],"3":[8,0],"4":[0,6]}}
}
