TN:
SF:app.ts
FN:2,(anonymous_0)
FN:11,(anonymous_1)
FN:18,(anonymous_2)
FN:34,(anonymous_3)
FNF:4
FNH:4
FNDA:2,(anonymous_0)
FNDA:6,(anonymous_1)
FNDA:6,(anonymous_2)
FNDA:6,(anonymous_3)
DA:1,1
DA:3,2
DA:4,2
DA:6,2
DA:7,1
DA:12,6
DA:15,6
DA:19,6
DA:20,6
DA:21,18
DA:22,18
DA:23,10
DA:24,10
DA:26,8
DA:27,8
DA:28,8
DA:31,6
DA:35,6
DA:36,0
DA:38,6
LF:20
LH:19
BRDA:6,0,0,1
BRDA:6,0,1,1
BRDA:6,1,0,2
BRDA:6,1,1,1
BRDA:22,2,0,10
BRDA:22,2,1,8
BRDA:26,3,0,8
BRDA:26,3,1,0
BRDA:35,4,0,0
BRDA:35,4,1,6
BRF:10
BRH:8
end_of_record
